Removed Pin From Net: NetName=MCU_S4 Pin=D2-2
Removed Pin From Net: NetName=MCU_S3 Pin=D3-2
Removed Pin From Net: NetName=MCU_S2 Pin=D4-2
Removed Pin From Net: NetName=MCU_S1 Pin=D5-2
Removed Pin From Net: NetName=MCU_S1 Pin=R10-1
Removed Pin From Net: NetName=RADIO_S1 Pin=R10-2
Removed Pin From Net: NetName=MCU_S2 Pin=R11-1
Removed Pin From Net: NetName=RADIO_S2 Pin=R11-2
Removed Pin From Net: NetName=MCU_S3 Pin=R12-1
Removed Pin From Net: NetName=RADIO_S3 Pin=R12-2
Removed Pin From Net: NetName=MCU_S4 Pin=R13-1
Removed Pin From Net: NetName=RADIO_S4 Pin=R13-2
Added Pin To Net: NetName=MCU_S1 Pin=D2-2
Added Pin To Net: NetName=MCU_S2 Pin=D3-2
Added Pin To Net: NetName=MCU_S4 Pin=D4-2
Added Pin To Net: NetName=MCU_S3 Pin=D5-2
Added Pin To Net: NetName=MCU_S3 Pin=R10-1
Added Pin To Net: NetName=RADIO_S3 Pin=R10-2
Added Pin To Net: NetName=MCU_S4 Pin=R11-1
Added Pin To Net: NetName=RADIO_S4 Pin=R11-2
Added Pin To Net: NetName=MCU_S2 Pin=R12-1
Added Pin To Net: NetName=RADIO_S2 Pin=R12-2
Added Pin To Net: NetName=MCU_S1 Pin=R13-1
Added Pin To Net: NetName=RADIO_S1 Pin=R13-2
