Removed Pin From Net: NetName=GND Pin=C1-1
Removed Pin From Net: NetName=VCC Pin=C1-2
Removed Pin From Net: NetName=GND Pin=C2-1
Removed Pin From Net: NetName=+5V Pin=C2-2
Removed Pin From Net: NetName=+5V Pin=R4-2
Removed Pin From Net: NetName=GND Pin=R6-1
Removed Pin From Net: NetName=GND Pin=R8-1
Removed Pin From Net: NetName=GND Pin=U1-1
Removed Pin From Net: NetName=+5V Pin=U1-3
Removed Pin From Net: NetName=VCC Pin=U1-4
Removed Pin From Net: NetName=PS_EN Pin=U1-6
Removed Pin From Net: NetName=GND Pin=U1-7
Removed Member From Class: ClassName=BRAINS Member=U1
Added Component: Designator=C5(CAPC3216X140N_1206)
Add component (AddParameter): Name = "BWA PN"; Value = "CCK-106DH-G-A"; VariantName = "[No Variations]"
Add component (AddParameter): Name = "Capacitance"; Value = "10uF"; VariantName = "[No Variations]"
Add component (AddParameter): Name = "Dielectric"; Value = "X5R"; VariantName = "[No Variations]"
Add component (AddParameter): Name = "Display_Name"; Value = "10uF,50V"; VariantName = "[No Variations]"
Add component (AddParameter): Name = "Manufacturer"; Value = "TDK Corporation"; VariantName = "[No Variations]"
Add component (AddParameter): Name = "Manufacturer Part Number"; Value = "CGA5L3X5R1H106K160AB"; VariantName = "[No Variations]"
Add component (AddParameter): Name = "Schematic Symbol"; Value = "CAP-NP_1"; VariantName = "[No Variations]"
Add component (AddParameter): Name = "Supplier 1"; Value = "Digi-Key"; VariantName = "[No Variations]"
Add component (AddParameter): Name = "Supplier Part Number 1"; Value = "445-7886-1-ND"; VariantName = "[No Variations]"
Add component (AddParameter): Name = "Tolerance"; Value = "10%"; VariantName = "[No Variations]"
Add component (AddParameter): Name = "Type"; Value = "Ceramic"; VariantName = "[No Variations]"
Add component (AddParameter): Name = "Voltage"; Value = "50V"; VariantName = "[No Variations]"
Added Component: Designator=C6(CAPC3225X270N_1210)
Add component (AddParameter): Name = "BWA PN"; Value = "CCL-226DF-G"; VariantName = "[No Variations]"
Add component (AddParameter): Name = "Capacitance"; Value = "22uF"; VariantName = "[No Variations]"
Add component (AddParameter): Name = "Dielectric"; Value = "X5R"; VariantName = "[No Variations]"
Add component (AddParameter): Name = "Display_Name"; Value = "22uF,25V"; VariantName = "[No Variations]"
Add component (AddParameter): Name = "Manufacturer"; Value = "Taiyo Yuden"; VariantName = "[No Variations]"
Add component (AddParameter): Name = "Manufacturer Part Number"; Value = "TMK325BJ226MM-T"; VariantName = "[No Variations]"
Add component (AddParameter): Name = "Schematic Symbol"; Value = "CAP-NP_1"; VariantName = "[No Variations]"
Add component (AddParameter): Name = "Supplier 1"; Value = "Digi-Key"; VariantName = "[No Variations]"
Add component (AddParameter): Name = "Supplier Part Number 1"; Value = "587-2086-2-ND"; VariantName = "[No Variations]"
Add component (AddParameter): Name = "Tolerance"; Value = "20%"; VariantName = "[No Variations]"
Add component (AddParameter): Name = "Type"; Value = "Ceramic"; VariantName = "[No Variations]"
Add component (AddParameter): Name = "Voltage"; Value = "25V"; VariantName = "[No Variations]"
Added Component: Designator=C7(CAPC3225X270N_1210)
Add component (AddParameter): Name = "BWA PN"; Value = "CCL-226DF-G"; VariantName = "[No Variations]"
Add component (AddParameter): Name = "Capacitance"; Value = "22uF"; VariantName = "[No Variations]"
Add component (AddParameter): Name = "Dielectric"; Value = "X5R"; VariantName = "[No Variations]"
Add component (AddParameter): Name = "Display_Name"; Value = "22uF,25V"; VariantName = "[No Variations]"
Add component (AddParameter): Name = "Manufacturer"; Value = "Taiyo Yuden"; VariantName = "[No Variations]"
Add component (AddParameter): Name = "Manufacturer Part Number"; Value = "TMK325BJ226MM-T"; VariantName = "[No Variations]"
Add component (AddParameter): Name = "Schematic Symbol"; Value = "CAP-NP_1"; VariantName = "[No Variations]"
Add component (AddParameter): Name = "Supplier 1"; Value = "Digi-Key"; VariantName = "[No Variations]"
Add component (AddParameter): Name = "Supplier Part Number 1"; Value = "587-2086-2-ND"; VariantName = "[No Variations]"
Add component (AddParameter): Name = "Tolerance"; Value = "20%"; VariantName = "[No Variations]"
Add component (AddParameter): Name = "Type"; Value = "Ceramic"; VariantName = "[No Variations]"
Add component (AddParameter): Name = "Voltage"; Value = "25V"; VariantName = "[No Variations]"
Added Component: Designator=C9(CAPC1005X05N_0402)
Add component (AddParameter): Name = "BWA PN"; Value = "CCG-106DH-H"; VariantName = "[No Variations]"
Add component (AddParameter): Name = "Capacitance"; Value = "1uF"; VariantName = "[No Variations]"
Add component (AddParameter): Name = "Dielectric"; Value = "X5R"; VariantName = "[No Variations]"
Add component (AddParameter): Name = "Display_Name"; Value = "1uF,50V"; VariantName = "[No Variations]"
Add component (AddParameter): Name = "Manufacturer"; Value = "Taiyo Yuden"; VariantName = "[No Variations]"
Add component (AddParameter): Name = "Manufacturer Part Number"; Value = "UMK105CBJ105MV-F"; VariantName = "[No Variations]"
Add component (AddParameter): Name = "Schematic Symbol"; Value = "CAP-NP_1"; VariantName = "[No Variations]"
Add component (AddParameter): Name = "Supplier 1"; Value = "Digi-Key"; VariantName = "[No Variations]"
Add component (AddParameter): Name = "Supplier Part Number 1"; Value = "587-6278-1-ND"; VariantName = "[No Variations]"
Add component (AddParameter): Name = "Tolerance"; Value = "20%"; VariantName = "[No Variations]"
Add component (AddParameter): Name = "Type"; Value = "Ceramic"; VariantName = "[No Variations]"
Add component (AddParameter): Name = "Voltage"; Value = "50V"; VariantName = "[No Variations]"
Added Component: Designator=C?(CAPC1005X05N_0402)
Add component (AddParameter): Name = "BWA PN"; Value = "CCG-106DH-H"; VariantName = "[No Variations]"
Add component (AddParameter): Name = "Capacitance"; Value = "1uF"; VariantName = "[No Variations]"
Add component (AddParameter): Name = "Dielectric"; Value = "X5R"; VariantName = "[No Variations]"
Add component (AddParameter): Name = "Display_Name"; Value = "1uF,50V"; VariantName = "[No Variations]"
Add component (AddParameter): Name = "Manufacturer"; Value = "Taiyo Yuden"; VariantName = "[No Variations]"
Add component (AddParameter): Name = "Manufacturer Part Number"; Value = "UMK105CBJ105MV-F"; VariantName = "[No Variations]"
Add component (AddParameter): Name = "Schematic Symbol"; Value = "CAP-NP_1"; VariantName = "[No Variations]"
Add component (AddParameter): Name = "Supplier 1"; Value = "Digi-Key"; VariantName = "[No Variations]"
Add component (AddParameter): Name = "Supplier Part Number 1"; Value = "587-6278-1-ND"; VariantName = "[No Variations]"
Add component (AddParameter): Name = "Tolerance"; Value = "20%"; VariantName = "[No Variations]"
Add component (AddParameter): Name = "Type"; Value = "Ceramic"; VariantName = "[No Variations]"
Add component (AddParameter): Name = "Voltage"; Value = "50V"; VariantName = "[No Variations]"
Added Component: Designator=C?(CAPC1005X05N_0402)
Add component (AddParameter): Name = "BWA PN"; Value = "CCG-104CE-G"; VariantName = "[No Variations]"
Add component (AddParameter): Name = "Capacitance"; Value = "100nF"; VariantName = "[No Variations]"
Add component (AddParameter): Name = "Dielectric"; Value = "X7R"; VariantName = "[No Variations]"
Add component (AddParameter): Name = "Display_Name"; Value = "100nF,50V"; VariantName = "[No Variations]"
Add component (AddParameter): Name = "Manufacturer"; Value = "Taiyo Yuden"; VariantName = "[No Variations]"
Add component (AddParameter): Name = "Manufacturer Part Number"; Value = "UMK105B7104KV-FR"; VariantName = "[No Variations]"
Add component (AddParameter): Name = "Schematic Symbol"; Value = "CAP-NP_1"; VariantName = "[No Variations]"
Add component (AddParameter): Name = "Supplier 1"; Value = "Digi-Key"; VariantName = "[No Variations]"
Add component (AddParameter): Name = "Supplier Part Number 1"; Value = "587-3498-1-ND"; VariantName = "[No Variations]"
Add component (AddParameter): Name = "Tolerance"; Value = "10%"; VariantName = "[No Variations]"
Add component (AddParameter): Name = "Type"; Value = "Ceramic"; VariantName = "[No Variations]"
Add component (AddParameter): Name = "Voltage"; Value = "50V"; VariantName = "[No Variations]"
Added Component: Designator=L?(CHILISIN_BMRHDY101030)
Add component (AddParameter): Name = "BWA PN"; Value = "IND-10191-A"; VariantName = "[No Variations]"
Add component (AddParameter): Name = "Current Rating"; Value = "13A"; VariantName = "[No Variations]"
Add component (AddParameter): Name = "DC Resistance"; Value = "9mR"; VariantName = "[No Variations]"
Add component (AddParameter): Name = "Display_Name"; Value = "2.2uH,13A"; VariantName = "[No Variations]"
Add component (AddParameter): Name = "Inductance"; Value = "2.2uH"; VariantName = "[No Variations]"
Add component (AddParameter): Name = "Manufacturer"; Value = "Chilisin Electronics"; VariantName = "[No Variations]"
Add component (AddParameter): Name = "Manufacturer Part Number"; Value = "BMRHDY1010302R2MA1"; VariantName = "[No Variations]"
Add component (AddParameter): Name = "Schematic Symbol"; Value = "INDUCTOR_1"; VariantName = "[No Variations]"
Add component (AddParameter): Name = "Sheilding"; Value = "Sheilded"; VariantName = "[No Variations]"
Add component (AddParameter): Name = "Supplier 1"; Value = "Digi-Key"; VariantName = "[No Variations]"
Add component (AddParameter): Name = "Supplier Part Number 1"; Value = "2184-BMRHDY1010302R2MA1CT-ND"; VariantName = "[No Variations]"
Add component (AddParameter): Name = "Type"; Value = "Wirewound"; VariantName = "[No Variations]"
Added Component: Designator=R?(RESC1608X06N_0603)
Add component (AddParameter): Name = "BWA PN"; Value = "RSH-15K00-D"; VariantName = "[No Variations]"
Add component (AddParameter): Name = "Display_Name"; Value = "15K,1%"; VariantName = "[No Variations]"
Add component (AddParameter): Name = "Manufacturer"; Value = "Yageo"; VariantName = "[No Variations]"
Add component (AddParameter): Name = "Manufacturer Part Number"; Value = "RC0603FR-0715KL"; VariantName = "[No Variations]"
Add component (AddParameter): Name = "Power"; Value = "0.1W"; VariantName = "[No Variations]"
Add component (AddParameter): Name = "Resistance"; Value = "15K"; VariantName = "[No Variations]"
Add component (AddParameter): Name = "Schematic Symbol"; Value = "RESISTOR_1"; VariantName = "[No Variations]"
Add component (AddParameter): Name = "Supplier 1"; Value = "Digi-Key"; VariantName = "[No Variations]"
Add component (AddParameter): Name = "Supplier Part Number 1"; Value = "311-15.0KHRCT-ND"; VariantName = "[No Variations]"
Add component (AddParameter): Name = "Tolerance"; Value = "1%"; VariantName = "[No Variations]"
Add component (AddParameter): Name = "Type"; Value = "Chip"; VariantName = "[No Variations]"
Added Component: Designator=R?(RESC1608X06N_0603)
Add component (AddParameter): Name = "BWA PN"; Value = "RSH-110K0-D"; VariantName = "[No Variations]"
Add component (AddParameter): Name = "Display_Name"; Value = "110K, 1%"; VariantName = "[No Variations]"
Add component (AddParameter): Name = "Manufacturer"; Value = "Yageo"; VariantName = "[No Variations]"
Add component (AddParameter): Name = "Manufacturer Part Number"; Value = "RC0603FR-07110KL"; VariantName = "[No Variations]"
Add component (AddParameter): Name = "Power"; Value = "0.1W"; VariantName = "[No Variations]"
Add component (AddParameter): Name = "Resistance"; Value = "110K"; VariantName = "[No Variations]"
Add component (AddParameter): Name = "Schematic Symbol"; Value = "RESISTOR_1"; VariantName = "[No Variations]"
Add component (AddParameter): Name = "Supplier 1"; Value = "Digi-Key"; VariantName = "[No Variations]"
Add component (AddParameter): Name = "Supplier Part Number 1"; Value = "311-110KHRCT-ND"; VariantName = "[No Variations]"
Add component (AddParameter): Name = "Tolerance"; Value = "1%"; VariantName = "[No Variations]"
Add component (AddParameter): Name = "Type"; Value = "Chip"; VariantName = "[No Variations]"
Added Component: Designator=U5(DFN-8_(3X3_80)_ALPHA)
Add component (AddParameter): Name = "BWA PN"; Value = "ICT-10941-A"; VariantName = "[No Variations]"
Add component (AddParameter): Name = "Display_Name"; Value = "AOZ6763DI"; VariantName = "[No Variations]"
Add component (AddParameter): Name = "Manufacturer"; Value = "Alpha & Omega Semiconductor Inc."; VariantName = "[No Variations]"
Add component (AddParameter): Name = "Manufacturer Part Number"; Value = "AOZ6763DI"; VariantName = "[No Variations]"
Add component (AddParameter): Name = "Schematic Symbol"; Value = "ALPHA_AOZ6763DI"; VariantName = "[No Variations]"
Add component (AddParameter): Name = "Supplier 1"; Value = "Digi-Key"; VariantName = "[No Variations]"
Add component (AddParameter): Name = "Supplier Part Number 1"; Value = "785-1859-1-ND"; VariantName = "[No Variations]"
Add component (AddParameter): Name = "Temp Range"; Value = "-40°C ~ 85°C (TA)
-40°C ~ 85°C (TA)"; VariantName = "[No Variations]"
Added Pin To Net: NetName=GND Pin=C5-1
Added Pin To Net: NetName=VCC Pin=C5-2
Added Pin To Net: NetName=GND Pin=C6-1
Added Pin To Net: NetName=+5V Pin=C6-2
Added Pin To Net: NetName=GND Pin=C7-1
Added Pin To Net: NetName=+5V Pin=C7-2
Added Pin To Net: NetName=GND Pin=C9-1
Added Pin To Net: NetName=GND Pin=C?-1
Added Pin To Net: NetName=+5V Pin=L?-2
Added Pin To Net: NetName=GND Pin=R8-2
Added Pin To Net: NetName=GND Pin=R?-1
Added Pin To Net: NetName=+5V Pin=R?-2
Added Pin To Net: NetName=GND Pin=U5-1
Added Pin To Net: NetName=VCC Pin=U5-3
Added Pin To Net: NetName=VCC Pin=U5-7
Added Pin To Net: NetName=GND Pin=U5-9
Change Net Name : Old Net Name=NetR2_2 New Net Name=CONFIG_6
Change Net Name : Old Net Name=NetR5_2 New Net Name=LED_RED
Change Net Name : Old Net Name=NetR15_2 New Net Name=LED_GREEN
Change Net Name : Old Net Name=NetR16_2 New Net Name=CONFIG_5
Change Net Name : Old Net Name=NetR18_2 New Net Name=CONFIG_7
Change Net Name : Old Net Name=NetR20_2 New Net Name=CONFIG_4
Added Pin To Net: NetName=BAT_DET Pin=R7-2
Added Pin To Net: NetName=BAT_DET Pin=R8-1
Added Pin To Net: NetName=BAT_DET Pin=U4-17
Added Net: Name=BAT_DET
Added Pin To Net: NetName=NetC9_2 Pin=C9-2
Added Pin To Net: NetName=NetC9_2 Pin=U5-5
Added Net: Name=NetC9_2
Added Pin To Net: NetName=NetC?_1 Pin=C?-1
Added Pin To Net: NetName=NetC?_1 Pin=L?-1
Added Pin To Net: NetName=NetC?_1 Pin=U5-2
Added Net: Name=NetC?_1
Added Pin To Net: NetName=NetC?_2 Pin=C?-2
Added Pin To Net: NetName=NetC?_2 Pin=U5-8
Added Net: Name=NetC?_2
Added Pin To Net: NetName=NetJ7_1 Pin=J7-1
Added Pin To Net: NetName=NetJ7_1 Pin=R14-2
Added Net: Name=NetJ7_1
Added Pin To Net: NetName=NetJ10_1 Pin=J10-1
Added Pin To Net: NetName=NetJ10_1 Pin=R9-2
Added Net: Name=NetJ10_1
Added Pin To Net: NetName=NetR4_2 Pin=R4-2
Added Pin To Net: NetName=NetR4_2 Pin=U5-4
Added Net: Name=NetR4_2
Added Pin To Net: NetName=NetR?_1 Pin=R?-1
Added Pin To Net: NetName=NetR?_1 Pin=R?-2
Added Pin To Net: NetName=NetR?_1 Pin=U5-6
Added Net: Name=NetR?_1
Added Pin To Net: NetName=SERVO_1 Pin=R9-1
Added Pin To Net: NetName=SERVO_1 Pin=U4-39
Added Net: Name=SERVO_1
Added Pin To Net: NetName=SERVO_2 Pin=R14-1
Added Pin To Net: NetName=SERVO_2 Pin=U4-38
Added Net: Name=SERVO_2
Added Member To Class: ClassName=BRAINS Member=Component C5 10uF,50V
Added Member To Class: ClassName=BRAINS Member=Component C6 22uF,25V
Added Member To Class: ClassName=BRAINS Member=Component C7 22uF,25V
Added Member To Class: ClassName=BRAINS Member=Component C9 1uF,50V
Added Member To Class: ClassName=BRAINS Member=Component C? 1uF,50V
Added Member To Class: ClassName=BRAINS Member=Component C? 100nF,50V
Added Member To Class: ClassName=BRAINS Member=Component L? 2.2uH,13A
Added Member To Class: ClassName=BRAINS Member=Component R? 15K,1%
Added Member To Class: ClassName=BRAINS Member=Component R? 110K, 1%
Added Member To Class: ClassName=BRAINS Member=Component U5 AOZ6763DI
