Added Component: Designator=J1(MountingPad(2x2))
Added Component: Designator=J2(MountingPad(2x2))
Added Component: Designator=J3(MountingPad(2x2))
Added Component: Designator=J4(MountingPad(2x2))
Added Component: Designator=J5(MountingPad(2x2))
Added Component: Designator=J6(MountingPad(2x2))
Added Component: Designator=J7(MountingPad(2x2))
Added Component: Designator=J8(MountingPad(2x2))
Added Component: Designator=J9(MountingPad(2x2))
Added Component: Designator=J10(MountingPad(2x2))
Added Component: Designator=J11(MountingPad(2x2))
Added Component: Designator=J12(MountingPad(2x2))
Added Pin To Net: NetName=NetJ1_1 Pin=J1-1
Added Pin To Net: NetName=GND Pin=J2-1
Added Pin To Net: NetName=L_MOTOR+ Pin=J3-1
Added Pin To Net: NetName=L_MOTOR- Pin=J4-1
Added Pin To Net: NetName=R_MOTOR+ Pin=J5-1
Added Pin To Net: NetName=R_MOTOR- Pin=J6-1
Added Pin To Net: NetName=NetJ7_1 Pin=J7-1
Added Pin To Net: NetName=+5V Pin=J8-1
Added Pin To Net: NetName=GND Pin=J9-1
Added Pin To Net: NetName=NetJ10_1 Pin=J10-1
Added Pin To Net: NetName=+5V Pin=J11-1
Added Pin To Net: NetName=GND Pin=J12-1
Added Member To Class: ClassName=BRAINS Member=Component J1 MountingPad(2x2)
Added Member To Class: ClassName=BRAINS Member=Component J2 MountingPad(2x2)
Added Member To Class: ClassName=BRAINS Member=Component J3 MountingPad(2x2)
Added Member To Class: ClassName=BRAINS Member=Component J4 MountingPad(2x2)
Added Member To Class: ClassName=BRAINS Member=Component J5 MountingPad(2x2)
Added Member To Class: ClassName=BRAINS Member=Component J6 MountingPad(2x2)
Added Member To Class: ClassName=BRAINS Member=Component J7 MountingPad(2x2)
Added Member To Class: ClassName=BRAINS Member=Component J8 MountingPad(2x2)
Added Member To Class: ClassName=BRAINS Member=Component J9 MountingPad(2x2)
Added Member To Class: ClassName=BRAINS Member=Component J10 MountingPad(2x2)
Added Member To Class: ClassName=BRAINS Member=Component J11 MountingPad(2x2)
Added Member To Class: ClassName=BRAINS Member=Component J12 MountingPad(2x2)
