Change Component DesignItemId : Designator=C1 Old DesignItemId=CCH-475DD-G New DesignItemId=CCG-476DE-H
Change Component DesignItemId : Designator=C4 Old DesignItemId=CCH-475DD-G New DesignItemId=CCG-476DE-H
Change Component Footprint: Designator=C1 Old Footprint=CAPC1608X09N_0603 New Footprint=CAPC1005X05N_0402
Change Component Footprint: Designator=C4 Old Footprint=CAPC1608X09N_0603 New Footprint=CAPC1005X05N_0402
Change Component Comment : Designator=C1 Old Comment=4u7F,16V New Comment=4.7uF,16V
Change Component Comment : Designator=C4 Old Comment=4u7F,16V New Comment=4.7uF,16V
Change Component Description : Designator=C1 Old Description=CAP CER 4.7UF 10V 10% X5R 0603 New Description=CAP CER 4.7UF 16V X5R 0402
Change Component Description : Designator=C4 Old Description=CAP CER 4.7UF 10V 10% X5R 0603 New Description=CAP CER 4.7UF 16V X5R 0402
Change component parameters: Designator = "C1" ("C1"); Footprint = "CAPC1608X09N_0603"; UniqueID = "\IDWKPZXG" ("\IDWKPZXG")
Change component parameters (AddParameter): Name = "BWA PN"; Value = "CCG-476DE-H"; VariantName = "[No Variations]"
Change component parameters (AddParameter): Name = "Capacitance"; Value = "4.7uF"; VariantName = "[No Variations]"
Change component parameters (AddParameter): Name = "Dielectric"; Value = "X5R"; VariantName = "[No Variations]"
Change component parameters (AddParameter): Name = "Display_Name"; Value = "4.7uF,16V"; VariantName = "[No Variations]"
Change component parameters (AddParameter): Name = "Manufacturer"; Value = "AVX Corporation"; VariantName = "[No Variations]"
Change component parameters (AddParameter): Name = "Manufacturer Part Number"; Value = "0402YD475MAT2A"; VariantName = "[No Variations]"
Change component parameters (AddParameter): Name = "Schematic Symbol"; Value = "CAP-NP_1"; VariantName = "[No Variations]"
Change component parameters (AddParameter): Name = "Supplier 1"; Value = "Digi-Key"; VariantName = "[No Variations]"
Change component parameters (AddParameter): Name = "Supplier Part Number 1"; Value = "478-10788-1-ND"; VariantName = "[No Variations]"
Change component parameters (AddParameter): Name = "Tolerance"; Value = "20%"; VariantName = "[No Variations]"
Change component parameters (AddParameter): Name = "Type"; Value = "Ceramic"; VariantName = "[No Variations]"
Change component parameters (AddParameter): Name = "Voltage"; Value = "16V"; VariantName = "[No Variations]"
Change component parameters: Designator = "C4" ("C4"); Footprint = "CAPC1608X09N_0603"; UniqueID = "\CWCNHSPJ" ("\CWCNHSPJ")
Change component parameters (AddParameter): Name = "BWA PN"; Value = "CCG-476DE-H"; VariantName = "[No Variations]"
Change component parameters (AddParameter): Name = "Capacitance"; Value = "4.7uF"; VariantName = "[No Variations]"
Change component parameters (AddParameter): Name = "Dielectric"; Value = "X5R"; VariantName = "[No Variations]"
Change component parameters (AddParameter): Name = "Display_Name"; Value = "4.7uF,16V"; VariantName = "[No Variations]"
Change component parameters (AddParameter): Name = "Manufacturer"; Value = "AVX Corporation"; VariantName = "[No Variations]"
Change component parameters (AddParameter): Name = "Manufacturer Part Number"; Value = "0402YD475MAT2A"; VariantName = "[No Variations]"
Change component parameters (AddParameter): Name = "Schematic Symbol"; Value = "CAP-NP_1"; VariantName = "[No Variations]"
Change component parameters (AddParameter): Name = "Supplier 1"; Value = "Digi-Key"; VariantName = "[No Variations]"
Change component parameters (AddParameter): Name = "Supplier Part Number 1"; Value = "478-10788-1-ND"; VariantName = "[No Variations]"
Change component parameters (AddParameter): Name = "Tolerance"; Value = "20%"; VariantName = "[No Variations]"
Change component parameters (AddParameter): Name = "Type"; Value = "Ceramic"; VariantName = "[No Variations]"
Change component parameters (AddParameter): Name = "Voltage"; Value = "16V"; VariantName = "[No Variations]"
