Added Component: Designator=L?(BOURNS_SRU1038)
Add component (AddParameter): Name = "BWA PN"; Value = "IND-10160-A"; VariantName = "[No Variations]"
Add component (AddParameter): Name = "Current Rating"; Value = "2.2A"; VariantName = "[No Variations]"
Add component (AddParameter): Name = "DC Resistance"; Value = "55.8mOhm"; VariantName = "[No Variations]"
Add component (AddParameter): Name = "Display_Name"; Value = "22uH,30%"; VariantName = "[No Variations]"
Add component (AddParameter): Name = "Inductance"; Value = "22uH"; VariantName = "[No Variations]"
Add component (AddParameter): Name = "Manufacturer"; Value = "Bourns Inc."; VariantName = "[No Variations]"
Add component (AddParameter): Name = "Manufacturer Part Number"; Value = "SRU1038-220Y"; VariantName = "[No Variations]"
Add component (AddParameter): Name = "Schematic Symbol"; Value = "INDUCTOR_1"; VariantName = "[No Variations]"
Add component (AddParameter): Name = "Sheilding"; Value = "Sheilded"; VariantName = "[No Variations]"
Add component (AddParameter): Name = "Supplier 1"; Value = "Digi-Key"; VariantName = "[No Variations]"
Add component (AddParameter): Name = "Supplier Part Number 1"; Value = "SRU1038-220YCT-ND"; VariantName = "[No Variations]"
Add component (AddParameter): Name = "Type"; Value = "Wirewound"; VariantName = "[No Variations]"
Added Component: Designator=L?(WURTH_744029)
Add component (AddParameter): Name = "BWA PN"; Value = "IND-10158-A"; VariantName = "[No Variations]"
Add component (AddParameter): Name = "Current Rating"; Value = "1.5A"; VariantName = "[No Variations]"
Add component (AddParameter): Name = "DC Resistance"; Value = "105mOhm"; VariantName = "[No Variations]"
Add component (AddParameter): Name = "Display_Name"; Value = "2.2uH,30%"; VariantName = "[No Variations]"
Add component (AddParameter): Name = "Inductance"; Value = "2.2uH"; VariantName = "[No Variations]"
Add component (AddParameter): Name = "Manufacturer"; Value = "Wurth Electronics Inc"; VariantName = "[No Variations]"
Add component (AddParameter): Name = "Manufacturer Part Number"; Value = "744029002"; VariantName = "[No Variations]"
Add component (AddParameter): Name = "Schematic Symbol"; Value = "INDUCTOR_1"; VariantName = "[No Variations]"
Add component (AddParameter): Name = "Sheilding"; Value = "Sheilded"; VariantName = "[No Variations]"
Add component (AddParameter): Name = "Supplier 1"; Value = "Digi-key"; VariantName = "[No Variations]"
Add component (AddParameter): Name = "Supplier Part Number 1"; Value = "732-1087-1-ND"; VariantName = "[No Variations]"
Add component (AddParameter): Name = "Type"; Value = "Wirewound"; VariantName = "[No Variations]"
Added Component: Designator=L?(IND_NR3015)
Add component (AddParameter): Name = "BWA PN"; Value = "IND-10060-A"; VariantName = "[No Variations]"
Add component (AddParameter): Name = "Current Rating"; Value = "1.5A"; VariantName = "[No Variations]"
Add component (AddParameter): Name = "DC Resistance"; Value = "72mOhm"; VariantName = "[No Variations]"
Add component (AddParameter): Name = "Display_Name"; Value = "2u2H,20%"; VariantName = "[No Variations]"
Add component (AddParameter): Name = "Inductance"; Value = "2u2H"; VariantName = "[No Variations]"
Add component (AddParameter): Name = "Manufacturer"; Value = "Taiyo Yuden"; VariantName = "[No Variations]"
Add component (AddParameter): Name = "Manufacturer Part Number"; Value = "NR3015T2R2M"; VariantName = "[No Variations]"
Add component (AddParameter): Name = "Schematic Symbol"; Value = "INDUCTOR_1"; VariantName = "[No Variations]"
Add component (AddParameter): Name = "Sheilding"; Value = "Sheilded"; VariantName = "[No Variations]"
Add component (AddParameter): Name = "Supplier 1"; Value = "Digi-Key"; VariantName = "[No Variations]"
Add component (AddParameter): Name = "Supplier Part Number 1"; Value = "587-1648-1-ND"; VariantName = "[No Variations]"
Add component (AddParameter): Name = "Type"; Value = "Fixed"; VariantName = "[No Variations]"
Added Component: Designator=L?(WURTH-784-383)
Add component (AddParameter): Name = "BWA PN"; Value = "IND-10156-A"; VariantName = "[No Variations]"
Add component (AddParameter): Name = "Current Rating"; Value = "1.8A"; VariantName = "[No Variations]"
Add component (AddParameter): Name = "DC Resistance"; Value = "108mOhm"; VariantName = "[No Variations]"
Add component (AddParameter): Name = "Display_Name"; Value = "2.2uH,30%"; VariantName = "[No Variations]"
Add component (AddParameter): Name = "Inductance"; Value = "2.2uH"; VariantName = "[No Variations]"
Add component (AddParameter): Name = "Manufacturer"; Value = "Wurth Electronics Inc"; VariantName = "[No Variations]"
Add component (AddParameter): Name = "Manufacturer Part Number"; Value = "78438335022"; VariantName = "[No Variations]"
Add component (AddParameter): Name = "Schematic Symbol"; Value = "INDUCTOR_1"; VariantName = "[No Variations]"
Add component (AddParameter): Name = "Sheilding"; Value = "Sheilded"; VariantName = "[No Variations]"
Add component (AddParameter): Name = "Supplier 1"; Value = "Digi-key"; VariantName = "[No Variations]"
Add component (AddParameter): Name = "Supplier Part Number 1"; Value = "732-6939-1-ND"; VariantName = "[No Variations]"
Add component (AddParameter): Name = "Type"; Value = "iron"; VariantName = "[No Variations]"
Added Member To Class: ClassName=BRAINS Member=Component C? 100nF,50V
Added Member To Class: ClassName=BRAINS Member=Component L? 22uH,30%
Added Member To Class: ClassName=BRAINS Member=Component L? 2.2uH,30%
Added Member To Class: ClassName=BRAINS Member=Component L? 2u2H,20%
Added Member To Class: ClassName=BRAINS Member=Component L? 2.2uH,30%
Added Member To Class: ClassName=BRAINS Member=Component R? 110K, 1%
Added Room: Name=BRAINS
