Removed Pin From Net: NetName=GND Pin=C22-1
Removed Pin From Net: NetName=+3V3 Pin=C22-2
Removed Pin From Net: NetName=VCC Pin=D6-1
Removed Pin From Net: NetName=+3V3 Pin=D6-2
Removed Member From Class: ClassName=BRAINS Member=C22
Removed Member From Class: ClassName=BRAINS Member=D6
Change Component Designator: OldDesignator=C? NewDesignator=C1
Change Component Designator: OldDesignator=C? NewDesignator=C7
Added Component: Designator=C8(CAPC2012X12N_0805)
Add component (AddParameter): Name = "BWA PN"; Value = "CCI-226DE-G"; VariantName = "[No Variations]"
Add component (AddParameter): Name = "Capacitance"; Value = "22uF"; VariantName = "[No Variations]"
Add component (AddParameter): Name = "Dielectric"; Value = "X5R"; VariantName = "[No Variations]"
Add component (AddParameter): Name = "Display_Name"; Value = "22uF, 16V"; VariantName = "[No Variations]"
Add component (AddParameter): Name = "Manufacturer"; Value = "Samsung Electro-Mechanics"; VariantName = "[No Variations]"
Add component (AddParameter): Name = "Manufacturer Part Number"; Value = "CL21A226KOQNNNE"; VariantName = "[No Variations]"
Add component (AddParameter): Name = "Schematic Symbol"; Value = "CAP-NP_1"; VariantName = "[No Variations]"
Add component (AddParameter): Name = "Supplier 1"; Value = "Digi-Key"; VariantName = "[No Variations]"
Add component (AddParameter): Name = "Supplier Part Number 1"; Value = "1276-6526-1-ND"; VariantName = "[No Variations]"
Add component (AddParameter): Name = "Tolerance"; Value = "10%"; VariantName = "[No Variations]"
Add component (AddParameter): Name = "Type"; Value = "Ceramic"; VariantName = "[No Variations]"
Add component (AddParameter): Name = "Voltage"; Value = "16V"; VariantName = "[No Variations]"
Added Pin To Net: NetName=GND Pin=C8-1
Added Pin To Net: NetName=+3V3 Pin=C8-2
Added Member To Class: ClassName=BRAINS Member=Component C7 22uF, 16V
Added Member To Class: ClassName=BRAINS Member=Component C8 22uF, 16V
