Change Component DesignItemId : Designator=C1 Old DesignItemId=CCG-476DE-H New DesignItemId=CCH-475DD-G
Change Component DesignItemId : Designator=C4 Old DesignItemId=CCG-476DE-H New DesignItemId=CCH-475DD-G
Change Component Footprint: Designator=C1 Old Footprint=CAPC1005X05N_0402 New Footprint=CAPC1608X09N_0603
Change Component Footprint: Designator=C4 Old Footprint=CAPC1005X05N_0402 New Footprint=CAPC1608X09N_0603
Change Component Comment : Designator=C1 Old Comment=4.7uF,16V New Comment=4u7F,16V
Change Component Comment : Designator=C4 Old Comment=4.7uF,16V New Comment=4u7F,16V
Change Component Description : Designator=C1 Old Description=CAP CER 4.7UF 16V X5R 0402 New Description=CAP CER 4.7UF 10V 10% X5R 0603
Change Component Description : Designator=C4 Old Description=CAP CER 4.7UF 16V X5R 0402 New Description=CAP CER 4.7UF 10V 10% X5R 0603
Change component parameters: Designator = "C1" ("C1"); Footprint = "CAPC1005X05N_0402"; UniqueID = "\IDWKPZXG" ("\IDWKPZXG")
Change component parameters (AddParameter): Name = "BWA PN"; Value = "CCH-475DD-G"; VariantName = "[No Variations]"
Change component parameters (AddParameter): Name = "Capacitance"; Value = "4u7F"; VariantName = "[No Variations]"
Change component parameters (AddParameter): Name = "Dielectric"; Value = "X5R"; VariantName = "[No Variations]"
Change component parameters (AddParameter): Name = "Display_Name"; Value = "4u7F,16V"; VariantName = "[No Variations]"
Change component parameters (AddParameter): Name = "Manufacturer"; Value = "Yageo"; VariantName = "[No Variations]"
Change component parameters (AddParameter): Name = "Manufacturer Part Number"; Value = "CC0603KRX5R6BB475"; VariantName = "[No Variations]"
Change component parameters (AddParameter): Name = "Schematic Symbol"; Value = "CAP-NP_1"; VariantName = "[No Variations]"
Change component parameters (AddParameter): Name = "Supplier 1"; Value = "Digi-Key"; VariantName = "[No Variations]"
Change component parameters (AddParameter): Name = "Supplier Part Number 1"; Value = "311-1455-1-ND"; VariantName = "[No Variations]"
Change component parameters (AddParameter): Name = "Tolerance"; Value = "10%"; VariantName = "[No Variations]"
Change component parameters (AddParameter): Name = "Type"; Value = "Ceramic"; VariantName = "[No Variations]"
Change component parameters (AddParameter): Name = "Voltage"; Value = "10V"; VariantName = "[No Variations]"
Change component parameters: Designator = "C4" ("C4"); Footprint = "CAPC1005X05N_0402"; UniqueID = "\CWCNHSPJ" ("\CWCNHSPJ")
Change component parameters (AddParameter): Name = "BWA PN"; Value = "CCH-475DD-G"; VariantName = "[No Variations]"
Change component parameters (AddParameter): Name = "Capacitance"; Value = "4u7F"; VariantName = "[No Variations]"
Change component parameters (AddParameter): Name = "Dielectric"; Value = "X5R"; VariantName = "[No Variations]"
Change component parameters (AddParameter): Name = "Display_Name"; Value = "4u7F,16V"; VariantName = "[No Variations]"
Change component parameters (AddParameter): Name = "Manufacturer"; Value = "Yageo"; VariantName = "[No Variations]"
Change component parameters (AddParameter): Name = "Manufacturer Part Number"; Value = "CC0603KRX5R6BB475"; VariantName = "[No Variations]"
Change component parameters (AddParameter): Name = "Schematic Symbol"; Value = "CAP-NP_1"; VariantName = "[No Variations]"
Change component parameters (AddParameter): Name = "Supplier 1"; Value = "Digi-Key"; VariantName = "[No Variations]"
Change component parameters (AddParameter): Name = "Supplier Part Number 1"; Value = "311-1455-1-ND"; VariantName = "[No Variations]"
Change component parameters (AddParameter): Name = "Tolerance"; Value = "10%"; VariantName = "[No Variations]"
Change component parameters (AddParameter): Name = "Type"; Value = "Ceramic"; VariantName = "[No Variations]"
Change component parameters (AddParameter): Name = "Voltage"; Value = "10V"; VariantName = "[No Variations]"
