Change Component DesignItemId : Designator=C6 Old DesignItemId=CCL-226DF-G New DesignItemId=CCK-226DF-G
Change Component DesignItemId : Designator=C7 Old DesignItemId=CCL-226DF-G New DesignItemId=CCK-226DF-G
Change Component Footprint: Designator=C6 Old Footprint=CAPC3225X270N_1210 New Footprint=CAPC3216X140N_1206
Change Component Footprint: Designator=C7 Old Footprint=CAPC3225X270N_1210 New Footprint=CAPC3216X140N_1206
Change Component Description : Designator=C6 Old Description=CAP CER 22UF 25V X5R 1210 New Description=CAP CER 22UF 25V 10% X5R 1206
Change Component Description : Designator=C7 Old Description=CAP CER 22UF 25V X5R 1210 New Description=CAP CER 22UF 25V 10% X5R 1206
Change component parameters: Designator = "C6" ("C6"); Footprint = "CAPC3225X270N_1210"; UniqueID = "\MNPWNDZR" ("\MNPWNDZR")
Change component parameters (AddParameter): Name = "BWA PN"; Value = "CCK-226DF-G"; VariantName = "[No Variations]"
Change component parameters (AddParameter): Name = "Capacitance"; Value = "22uF"; VariantName = "[No Variations]"
Change component parameters (AddParameter): Name = "Dielectric"; Value = "X5R"; VariantName = "[No Variations]"
Change component parameters (AddParameter): Name = "Display_Name"; Value = "22uF,25V"; VariantName = "[No Variations]"
Change component parameters (AddParameter): Name = "Manufacturer"; Value = "Murata Electronics North America"; VariantName = "[No Variations]"
Change component parameters (AddParameter): Name = "Manufacturer Part Number"; Value = "GRM31CR61E226KE15L"; VariantName = "[No Variations]"
Change component parameters (AddParameter): Name = "Schematic Symbol"; Value = "CAP-NP_1"; VariantName = "[No Variations]"
Change component parameters (AddParameter): Name = "Supplier 1"; Value = "Digi-Key"; VariantName = "[No Variations]"
Change component parameters (AddParameter): Name = "Supplier Part Number 1"; Value = "490-5527-1-ND"; VariantName = "[No Variations]"
Change component parameters (AddParameter): Name = "Tolerance"; Value = "10%"; VariantName = "[No Variations]"
Change component parameters (AddParameter): Name = "Type"; Value = "Ceramic"; VariantName = "[No Variations]"
Change component parameters (AddParameter): Name = "Voltage"; Value = "25V"; VariantName = "[No Variations]"
Change component parameters: Designator = "C7" ("C7"); Footprint = "CAPC3225X270N_1210"; UniqueID = "\MUAYYFTY" ("\MUAYYFTY")
Change component parameters (AddParameter): Name = "BWA PN"; Value = "CCK-226DF-G"; VariantName = "[No Variations]"
Change component parameters (AddParameter): Name = "Capacitance"; Value = "22uF"; VariantName = "[No Variations]"
Change component parameters (AddParameter): Name = "Dielectric"; Value = "X5R"; VariantName = "[No Variations]"
Change component parameters (AddParameter): Name = "Display_Name"; Value = "22uF,25V"; VariantName = "[No Variations]"
Change component parameters (AddParameter): Name = "Manufacturer"; Value = "Murata Electronics North America"; VariantName = "[No Variations]"
Change component parameters (AddParameter): Name = "Manufacturer Part Number"; Value = "GRM31CR61E226KE15L"; VariantName = "[No Variations]"
Change component parameters (AddParameter): Name = "Schematic Symbol"; Value = "CAP-NP_1"; VariantName = "[No Variations]"
Change component parameters (AddParameter): Name = "Supplier 1"; Value = "Digi-Key"; VariantName = "[No Variations]"
Change component parameters (AddParameter): Name = "Supplier Part Number 1"; Value = "490-5527-1-ND"; VariantName = "[No Variations]"
Change component parameters (AddParameter): Name = "Tolerance"; Value = "10%"; VariantName = "[No Variations]"
Change component parameters (AddParameter): Name = "Type"; Value = "Ceramic"; VariantName = "[No Variations]"
Change component parameters (AddParameter): Name = "Voltage"; Value = "25V"; VariantName = "[No Variations]"
