Removed Pin From Net: NetName=GND Pin=C?-1
Change Component Designator: OldDesignator=C? NewDesignator=C10
Change Component Designator: OldDesignator=C? NewDesignator=C11
Change Component Designator: OldDesignator=L? NewDesignator=L1
Change Component Designator: OldDesignator=L? NewDesignator=L2
Change Component Designator: OldDesignator=L? NewDesignator=L3
Change Component Designator: OldDesignator=L? NewDesignator=L4
Change Component Designator: OldDesignator=L? NewDesignator=L5
Change Component Designator: OldDesignator=R? NewDesignator=R23
Change Component Designator: OldDesignator=R? NewDesignator=R24
Change Net Name : Old Net Name=NetC?_1 New Net Name=NetC10_1
Change Net Name : Old Net Name=NetC?_2 New Net Name=NetC10_2
Change Net Name : Old Net Name=NetR?_1 New Net Name=NetR23_1
Added Pin To Net: NetName=NetC11_2 Pin=C11-2
Added Pin To Net: NetName=NetC11_2 Pin=R4-1
Added Net: Name=NetC11_2
Added Member To Class: ClassName=BRAINS Member=Component C10 100nF,50V
Added Member To Class: ClassName=BRAINS Member=Component L1 22uH,30%
Added Member To Class: ClassName=BRAINS Member=Component L3 2.2uH,30%
Added Member To Class: ClassName=BRAINS Member=Component L4 2.2uH,30%
Added Member To Class: ClassName=BRAINS Member=Component L5 2u2H,20%
Added Member To Class: ClassName=BRAINS Member=Component R24 15K,1%
Added Room: Name=BRAINS
