Added Component: Designator=R2(RESC1005X04N_0402)
Add component (AddParameter): Name = "BWA PN"; Value = "RSG-0R000-F"; VariantName = "[No Variations]"
Add component (AddParameter): Name = "Display_Name"; Value = "0R,1%"; VariantName = "[No Variations]"
Add component (AddParameter): Name = "Manufacturer"; Value = "Yageo"; VariantName = "[No Variations]"
Add component (AddParameter): Name = "Manufacturer Part Number"; Value = "RC0402JR-070RL"; VariantName = "[No Variations]"
Add component (AddParameter): Name = "Power"; Value = "0.0625W"; VariantName = "[No Variations]"
Add component (AddParameter): Name = "Resistance"; Value = "0R"; VariantName = "[No Variations]"
Add component (AddParameter): Name = "Schematic Symbol"; Value = "RESISTOR_1"; VariantName = "[No Variations]"
Add component (AddParameter): Name = "Supplier 1"; Value = "Digi-Key"; VariantName = "[No Variations]"
Add component (AddParameter): Name = "Supplier Part Number 1"; Value = "311-0.0JRCT-ND"; VariantName = "[No Variations]"
Add component (AddParameter): Name = "Tolerance"; Value = "5%"; VariantName = "[No Variations]"
Add component (AddParameter): Name = "Type"; Value = "Chip"; VariantName = "[No Variations]"
Added Component: Designator=R16(RESC1005X04N_0402)
Add component (AddParameter): Name = "BWA PN"; Value = "RSG-0R000-F"; VariantName = "[No Variations]"
Add component (AddParameter): Name = "Display_Name"; Value = "0R,1%"; VariantName = "[No Variations]"
Add component (AddParameter): Name = "Manufacturer"; Value = "Yageo"; VariantName = "[No Variations]"
Add component (AddParameter): Name = "Manufacturer Part Number"; Value = "RC0402JR-070RL"; VariantName = "[No Variations]"
Add component (AddParameter): Name = "Power"; Value = "0.0625W"; VariantName = "[No Variations]"
Add component (AddParameter): Name = "Resistance"; Value = "0R"; VariantName = "[No Variations]"
Add component (AddParameter): Name = "Schematic Symbol"; Value = "RESISTOR_1"; VariantName = "[No Variations]"
Add component (AddParameter): Name = "Supplier 1"; Value = "Digi-Key"; VariantName = "[No Variations]"
Add component (AddParameter): Name = "Supplier Part Number 1"; Value = "311-0.0JRCT-ND"; VariantName = "[No Variations]"
Add component (AddParameter): Name = "Tolerance"; Value = "5%"; VariantName = "[No Variations]"
Add component (AddParameter): Name = "Type"; Value = "Chip"; VariantName = "[No Variations]"
Added Component: Designator=R17(RESC1005X04N_0402)
Add component (AddParameter): Name = "BWA PN"; Value = "RSG-0R000-F"; VariantName = "[No Variations]"
Add component (AddParameter): Name = "Display_Name"; Value = "0R,1%"; VariantName = "[No Variations]"
Add component (AddParameter): Name = "Manufacturer"; Value = "Yageo"; VariantName = "[No Variations]"
Add component (AddParameter): Name = "Manufacturer Part Number"; Value = "RC0402JR-070RL"; VariantName = "[No Variations]"
Add component (AddParameter): Name = "Power"; Value = "0.0625W"; VariantName = "[No Variations]"
Add component (AddParameter): Name = "Resistance"; Value = "0R"; VariantName = "[No Variations]"
Add component (AddParameter): Name = "Schematic Symbol"; Value = "RESISTOR_1"; VariantName = "[No Variations]"
Add component (AddParameter): Name = "Supplier 1"; Value = "Digi-Key"; VariantName = "[No Variations]"
Add component (AddParameter): Name = "Supplier Part Number 1"; Value = "311-0.0JRCT-ND"; VariantName = "[No Variations]"
Add component (AddParameter): Name = "Tolerance"; Value = "5%"; VariantName = "[No Variations]"
Add component (AddParameter): Name = "Type"; Value = "Chip"; VariantName = "[No Variations]"
Added Component: Designator=R18(RESC1005X04N_0402)
Add component (AddParameter): Name = "BWA PN"; Value = "RSG-0R000-F"; VariantName = "[No Variations]"
Add component (AddParameter): Name = "Display_Name"; Value = "0R,1%"; VariantName = "[No Variations]"
Add component (AddParameter): Name = "Manufacturer"; Value = "Yageo"; VariantName = "[No Variations]"
Add component (AddParameter): Name = "Manufacturer Part Number"; Value = "RC0402JR-070RL"; VariantName = "[No Variations]"
Add component (AddParameter): Name = "Power"; Value = "0.0625W"; VariantName = "[No Variations]"
Add component (AddParameter): Name = "Resistance"; Value = "0R"; VariantName = "[No Variations]"
Add component (AddParameter): Name = "Schematic Symbol"; Value = "RESISTOR_1"; VariantName = "[No Variations]"
Add component (AddParameter): Name = "Supplier 1"; Value = "Digi-Key"; VariantName = "[No Variations]"
Add component (AddParameter): Name = "Supplier Part Number 1"; Value = "311-0.0JRCT-ND"; VariantName = "[No Variations]"
Add component (AddParameter): Name = "Tolerance"; Value = "5%"; VariantName = "[No Variations]"
Add component (AddParameter): Name = "Type"; Value = "Chip"; VariantName = "[No Variations]"
Added Component: Designator=R19(RESC1005X04N_0402)
Add component (AddParameter): Name = "BWA PN"; Value = "RSG-0R000-F"; VariantName = "[No Variations]"
Add component (AddParameter): Name = "Display_Name"; Value = "0R,1%"; VariantName = "[No Variations]"
Add component (AddParameter): Name = "Manufacturer"; Value = "Yageo"; VariantName = "[No Variations]"
Add component (AddParameter): Name = "Manufacturer Part Number"; Value = "RC0402JR-070RL"; VariantName = "[No Variations]"
Add component (AddParameter): Name = "Power"; Value = "0.0625W"; VariantName = "[No Variations]"
Add component (AddParameter): Name = "Resistance"; Value = "0R"; VariantName = "[No Variations]"
Add component (AddParameter): Name = "Schematic Symbol"; Value = "RESISTOR_1"; VariantName = "[No Variations]"
Add component (AddParameter): Name = "Supplier 1"; Value = "Digi-Key"; VariantName = "[No Variations]"
Add component (AddParameter): Name = "Supplier Part Number 1"; Value = "311-0.0JRCT-ND"; VariantName = "[No Variations]"
Add component (AddParameter): Name = "Tolerance"; Value = "5%"; VariantName = "[No Variations]"
Add component (AddParameter): Name = "Type"; Value = "Chip"; VariantName = "[No Variations]"
Added Component: Designator=R20(RESC1005X04N_0402)
Add component (AddParameter): Name = "BWA PN"; Value = "RSG-0R000-F"; VariantName = "[No Variations]"
Add component (AddParameter): Name = "Display_Name"; Value = "0R,1%"; VariantName = "[No Variations]"
Add component (AddParameter): Name = "Manufacturer"; Value = "Yageo"; VariantName = "[No Variations]"
Add component (AddParameter): Name = "Manufacturer Part Number"; Value = "RC0402JR-070RL"; VariantName = "[No Variations]"
Add component (AddParameter): Name = "Power"; Value = "0.0625W"; VariantName = "[No Variations]"
Add component (AddParameter): Name = "Resistance"; Value = "0R"; VariantName = "[No Variations]"
Add component (AddParameter): Name = "Schematic Symbol"; Value = "RESISTOR_1"; VariantName = "[No Variations]"
Add component (AddParameter): Name = "Supplier 1"; Value = "Digi-Key"; VariantName = "[No Variations]"
Add component (AddParameter): Name = "Supplier Part Number 1"; Value = "311-0.0JRCT-ND"; VariantName = "[No Variations]"
Add component (AddParameter): Name = "Tolerance"; Value = "5%"; VariantName = "[No Variations]"
Add component (AddParameter): Name = "Type"; Value = "Chip"; VariantName = "[No Variations]"
Added Component: Designator=R21(RESC1005X04N_0402)
Add component (AddParameter): Name = "BWA PN"; Value = "RSG-0R000-F"; VariantName = "[No Variations]"
Add component (AddParameter): Name = "Display_Name"; Value = "0R,1%"; VariantName = "[No Variations]"
Add component (AddParameter): Name = "Manufacturer"; Value = "Yageo"; VariantName = "[No Variations]"
Add component (AddParameter): Name = "Manufacturer Part Number"; Value = "RC0402JR-070RL"; VariantName = "[No Variations]"
Add component (AddParameter): Name = "Power"; Value = "0.0625W"; VariantName = "[No Variations]"
Add component (AddParameter): Name = "Resistance"; Value = "0R"; VariantName = "[No Variations]"
Add component (AddParameter): Name = "Schematic Symbol"; Value = "RESISTOR_1"; VariantName = "[No Variations]"
Add component (AddParameter): Name = "Supplier 1"; Value = "Digi-Key"; VariantName = "[No Variations]"
Add component (AddParameter): Name = "Supplier Part Number 1"; Value = "311-0.0JRCT-ND"; VariantName = "[No Variations]"
Add component (AddParameter): Name = "Tolerance"; Value = "5%"; VariantName = "[No Variations]"
Add component (AddParameter): Name = "Type"; Value = "Chip"; VariantName = "[No Variations]"
Added Component: Designator=R22(RESC1005X04N_0402)
Add component (AddParameter): Name = "BWA PN"; Value = "RSG-0R000-F"; VariantName = "[No Variations]"
Add component (AddParameter): Name = "Display_Name"; Value = "0R,1%"; VariantName = "[No Variations]"
Add component (AddParameter): Name = "Manufacturer"; Value = "Yageo"; VariantName = "[No Variations]"
Add component (AddParameter): Name = "Manufacturer Part Number"; Value = "RC0402JR-070RL"; VariantName = "[No Variations]"
Add component (AddParameter): Name = "Power"; Value = "0.0625W"; VariantName = "[No Variations]"
Add component (AddParameter): Name = "Resistance"; Value = "0R"; VariantName = "[No Variations]"
Add component (AddParameter): Name = "Schematic Symbol"; Value = "RESISTOR_1"; VariantName = "[No Variations]"
Add component (AddParameter): Name = "Supplier 1"; Value = "Digi-Key"; VariantName = "[No Variations]"
Add component (AddParameter): Name = "Supplier Part Number 1"; Value = "311-0.0JRCT-ND"; VariantName = "[No Variations]"
Add component (AddParameter): Name = "Tolerance"; Value = "5%"; VariantName = "[No Variations]"
Add component (AddParameter): Name = "Type"; Value = "Chip"; VariantName = "[No Variations]"
Added Member To Class: ClassName=BRAINS Member=Component R2 0R,1%
Added Member To Class: ClassName=BRAINS Member=Component R16 0R,1%
Added Member To Class: ClassName=BRAINS Member=Component R17 0R,1%
Added Member To Class: ClassName=BRAINS Member=Component R18 0R,1%
Added Member To Class: ClassName=BRAINS Member=Component R19 0R,1%
Added Member To Class: ClassName=BRAINS Member=Component R20 0R,1%
Added Member To Class: ClassName=BRAINS Member=Component R21 0R,1%
Added Member To Class: ClassName=BRAINS Member=Component R22 0R,1%
Added Room: Name=BRAINS
