Removed Pin From Net: NetName=GND Pin=R16-1
Removed Pin From Net: NetName=NetDS1_1 Pin=R16-2
Removed Pin From Net: NetName=GND Pin=R17-1
Removed Pin From Net: NetName=NetDS2_1 Pin=R17-2
Removed Pin From Net: NetName=NRST Pin=U4-4
Removed Pin From Net: NetName=+3V3 Pin=U4-5
Removed Pin From Net: NetName=L_PWM1 Pin=U4-6
Removed Pin From Net: NetName=L_PWM2 Pin=U4-7
Removed Pin From Net: NetName=R_PWM1 Pin=U4-8
Removed Pin From Net: NetName=R_PWM2 Pin=U4-9
Removed Pin From Net: NetName=+3V3 Pin=U4-17
Removed Pin From Net: NetName=PS_EN Pin=U4-18
Removed Pin From Net: NetName=MCU_S2 Pin=U4-19
Removed Pin From Net: NetName=MCU_S1 Pin=U4-20
Removed Pin From Net: NetName=MCU_S3 Pin=U4-21
Removed Pin From Net: NetName=MCU_S4 Pin=U4-22
Removed Pin From Net: NetName=SWDIO Pin=U4-23
Removed Pin From Net: NetName=SWCLK Pin=U4-24
Removed Pin From Net: NetName=OP_S4 Pin=U4-25
Removed Pin From Net: NetName=OP_S1 Pin=U4-26
Removed Pin From Net: NetName=GND Pin=U4-31
Removed Pin From Net: NetName=GND Pin=U4-33
Removed Pin From Net: NetName=+3V3 Pin=U5-1
Removed Pin From Net: NetName=NRST Pin=U5-4
Removed Pin From Net: NetName=+3V3 Pin=U5-5
Removed Pin From Net: NetName=L_PWM1 Pin=U5-6
Removed Pin From Net: NetName=L_PWM2 Pin=U5-7
Removed Pin From Net: NetName=R_PWM1 Pin=U5-8
Removed Pin From Net: NetName=R_PWM2 Pin=U5-9
Removed Pin From Net: NetName=GND Pin=U5-16
Removed Pin From Net: NetName=+3V3 Pin=U5-17
Removed Pin From Net: NetName=PS_EN Pin=U5-18
Removed Pin From Net: NetName=MCU_S2 Pin=U5-19
Removed Pin From Net: NetName=MCU_S1 Pin=U5-20
Removed Pin From Net: NetName=MCU_S3 Pin=U5-21
Removed Pin From Net: NetName=MCU_S4 Pin=U5-22
Removed Pin From Net: NetName=SWDIO Pin=U5-23
Removed Pin From Net: NetName=SWCLK Pin=U5-24
Removed Pin From Net: NetName=OP_S4 Pin=U5-25
Removed Pin From Net: NetName=OP_S1 Pin=U5-26
Removed Pin From Net: NetName=GND Pin=U5-31
Removed Pin From Net: NetName=GND Pin=U5-32
Removed Pin From Net: NetName=+3V3 Pin=U6-7
Removed Pin From Net: NetName=+3V3 Pin=U7-7
Removed Member From Class: ClassName=BRAINS_v2.4 Member=R16
Removed Member From Class: ClassName=BRAINS_v2.4 Member=R17
Removed Member From Class: ClassName=BRAINS_v2.4 Member=U5
Change Component Footprint: Designator=U4 Old Footprint=QFN50P500X500X100-32N_32QFN_2 New Footprint=TSQFP50P900X900X160-48N_48LQFP
Change Component Comment : Designator=U4 Old Comment=STM32L051K8U6 New Comment=STM32L051C6T6
Change component parameters: Designator = "U4" ("U4"); Footprint = "QFN50P500X500X100-32N_32QFN_2"; UniqueID = "\XBNIDVAT" ("\XBNIDVAT")
Change component parameters (AddParameter): Name = "BWA PN"; Value = "ICT-10938-A"; VariantName = "[No Variations]"
Change component parameters (AddParameter): Name = "Display_Name"; Value = "STM32L051C6T6"; VariantName = "[No Variations]"
Change component parameters (AddParameter): Name = "Manufacturer"; Value = "STMicroelectronics"; VariantName = "[No Variations]"
Change component parameters (AddParameter): Name = "Manufacturer Part Number"; Value = "STM32L051C6T6"; VariantName = "[No Variations]"
Change component parameters (AddParameter): Name = "Schematic Symbol"; Value = "STM32L051C6T6_48LQFP"; VariantName = "[No Variations]"
Change component parameters (AddParameter): Name = "Supplier 1"; Value = "Digi-Key"; VariantName = "[No Variations]"
Change component parameters (AddParameter): Name = "Supplier Part Number 1"; Value = "497-15202-ND"; VariantName = "[No Variations]"
Change component parameters (AddParameter): Name = "Temp Range"; Value = "-40°C ~ 85°C (TA)"; VariantName = "[No Variations]"
Added Component: Designator=R5(RESC1005X04N_0402)
Add component (AddParameter): Name = "BWA PN"; Value = "RSG-120R0-D"; VariantName = "[No Variations]"
Add component (AddParameter): Name = "Display_Name"; Value = "120R,1%"; VariantName = "[No Variations]"
Add component (AddParameter): Name = "Manufacturer"; Value = "Yageo"; VariantName = "[No Variations]"
Add component (AddParameter): Name = "Manufacturer Part Number"; Value = "RC0402FR-07120RL"; VariantName = "[No Variations]"
Add component (AddParameter): Name = "Power"; Value = "0.0625W"; VariantName = "[No Variations]"
Add component (AddParameter): Name = "Resistance"; Value = "120R"; VariantName = "[No Variations]"
Add component (AddParameter): Name = "Schematic Symbol"; Value = "RESISTOR_1"; VariantName = "[No Variations]"
Add component (AddParameter): Name = "Supplier 1"; Value = "Digi-Key"; VariantName = "[No Variations]"
Add component (AddParameter): Name = "Supplier Part Number 1"; Value = "311-120LRCT-ND"; VariantName = "[No Variations]"
Add component (AddParameter): Name = "Tolerance"; Value = "1%"; VariantName = "[No Variations]"
Add component (AddParameter): Name = "Type"; Value = "Chip"; VariantName = "[No Variations]"
Added Component: Designator=R15(RESC1005X04N_0402)
Add component (AddParameter): Name = "BWA PN"; Value = "RSG-120R0-D"; VariantName = "[No Variations]"
Add component (AddParameter): Name = "Display_Name"; Value = "120R,1%"; VariantName = "[No Variations]"
Add component (AddParameter): Name = "Manufacturer"; Value = "Yageo"; VariantName = "[No Variations]"
Add component (AddParameter): Name = "Manufacturer Part Number"; Value = "RC0402FR-07120RL"; VariantName = "[No Variations]"
Add component (AddParameter): Name = "Power"; Value = "0.0625W"; VariantName = "[No Variations]"
Add component (AddParameter): Name = "Resistance"; Value = "120R"; VariantName = "[No Variations]"
Add component (AddParameter): Name = "Schematic Symbol"; Value = "RESISTOR_1"; VariantName = "[No Variations]"
Add component (AddParameter): Name = "Supplier 1"; Value = "Digi-Key"; VariantName = "[No Variations]"
Add component (AddParameter): Name = "Supplier Part Number 1"; Value = "311-120LRCT-ND"; VariantName = "[No Variations]"
Add component (AddParameter): Name = "Tolerance"; Value = "1%"; VariantName = "[No Variations]"
Add component (AddParameter): Name = "Type"; Value = "Chip"; VariantName = "[No Variations]"
Added Pin To Net: NetName=OP_S1 Pin=J7-1
Added Pin To Net: NetName=OP_S4 Pin=J10-1
Added Pin To Net: NetName=GND Pin=R5-1
Added Pin To Net: NetName=NetDS1_1 Pin=R5-2
Added Pin To Net: NetName=GND Pin=R15-1
Added Pin To Net: NetName=NetDS2_1 Pin=R15-2
Added Pin To Net: NetName=NRST Pin=U4-7
Added Pin To Net: NetName=GND Pin=U4-8
Added Pin To Net: NetName=+3V3 Pin=U4-9
Added Pin To Net: NetName=L_PWM1 Pin=U4-10
Added Pin To Net: NetName=L_PWM2 Pin=U4-11
Added Pin To Net: NetName=R_PWM1 Pin=U4-12
Added Pin To Net: NetName=R_PWM2 Pin=U4-13
Added Pin To Net: NetName=GND Pin=U4-23
Added Pin To Net: NetName=+3V3 Pin=U4-24
Added Pin To Net: NetName=PS_EN Pin=U4-29
Added Pin To Net: NetName=MCU_S2 Pin=U4-30
Added Pin To Net: NetName=MCU_S1 Pin=U4-31
Added Pin To Net: NetName=MCU_S3 Pin=U4-32
Added Pin To Net: NetName=MCU_S4 Pin=U4-33
Added Pin To Net: NetName=SWDIO Pin=U4-34
Added Pin To Net: NetName=GND Pin=U4-35
Added Pin To Net: NetName=+3V3 Pin=U4-36
Added Pin To Net: NetName=SWCLK Pin=U4-37
Added Pin To Net: NetName=GND Pin=U4-44
Added Pin To Net: NetName=GND Pin=U4-47
Added Pin To Net: NetName=+3V3 Pin=U4-48
Added Pin To Net: NetName=L_nSLEEP Pin=U6-7
Added Net: Name=L_nSLEEP
Added Pin To Net: NetName=NetDS1_2 Pin=DS1-2
Added Pin To Net: NetName=NetDS1_2 Pin=U4-14
Added Net: Name=NetDS1_2
Added Pin To Net: NetName=NetDS2_2 Pin=DS2-2
Added Pin To Net: NetName=NetDS2_2 Pin=U4-43
Added Net: Name=NetDS2_2
Added Pin To Net: NetName=NetR7_2 Pin=R7-2
Added Pin To Net: NetName=NetR7_2 Pin=R8-2
Added Pin To Net: NetName=NetR7_2 Pin=U4-17
Added Net: Name=NetR7_2
Added Pin To Net: NetName=NetR9_2 Pin=R9-2
Added Pin To Net: NetName=NetR9_2 Pin=U4-39
Added Net: Name=NetR9_2
Added Pin To Net: NetName=NetR14_2 Pin=R14-2
Added Pin To Net: NetName=NetR14_2 Pin=U4-38
Added Net: Name=NetR14_2
Added Pin To Net: NetName=R_nSLEEP Pin=U7-7
Added Net: Name=R_nSLEEP
Change Class Name : Old Net Name=BRAINS_v2.4 New Net Name=BRAINS
Added Member To Class: ClassName=BRAINS Member=Component Q1 RQ3E120ATTB
Added Member To Class: ClassName=BRAINS Member=Component R5 120R,1%
Added Member To Class: ClassName=BRAINS Member=Component R15 120R,1%
Added Room: Name=BRAINS
