Removed Member From Class: ClassName=BRAINS Member=C1
Removed Member From Class: ClassName=BRAINS Member=C2
Removed Member From Class: ClassName=BRAINS Member=L2
Removed Member From Class: ClassName=BRAINS Member=L?
Change Component Footprint: Designator=L1 Old Footprint=WURTH_74437336 New Footprint=TAIYO_YUDEN_MDWK4040T3R3MM
Change Component Comment : Designator=L1 Old Comment=3.3uH,20% New Comment=3.3uH, 3A
Change component parameters: Designator = "L1" ("L1"); Footprint = "WURTH_74437336"; UniqueID = "\WIEASQCY" ("\WIEASQCY")
Change component parameters (AddParameter): Name = "BWA PN"; Value = "IND-10198-A"; VariantName = "[No Variations]"
Change component parameters (AddParameter): Name = "Current Rating"; Value = "3A"; VariantName = "[No Variations]"
Change component parameters (AddParameter): Name = "DC Resistance"; Value = "75mOHM"; VariantName = "[No Variations]"
Change component parameters (AddParameter): Name = "Display_Name"; Value = "3.3uH, 3A"; VariantName = "[No Variations]"
Change component parameters (AddParameter): Name = "Inductance"; Value = "3.3uH"; VariantName = "[No Variations]"
Change component parameters (AddParameter): Name = "Manufacturer"; Value = "Taiyo Yuden"; VariantName = "[No Variations]"
Change component parameters (AddParameter): Name = "Manufacturer Part Number"; Value = "MDWK4040T3R3MM"; VariantName = "[No Variations]"
Change component parameters (AddParameter): Name = "Schematic Symbol"; Value = "INDUCTOR_1"; VariantName = "[No Variations]"
Change component parameters (AddParameter): Name = "Sheilding"; Value = "Sheilded"; VariantName = "[No Variations]"
Change component parameters (AddParameter): Name = "Supplier 1"; Value = "Digi-Key"; VariantName = "[No Variations]"
Change component parameters (AddParameter): Name = "Supplier Part Number 1"; Value = "587-4450-1-ND"; VariantName = "[No Variations]"
Change component parameters (AddParameter): Name = "Type"; Value = "Wirewound"; VariantName = "[No Variations]"
Added Pin To Net: NetName=NetC10_1 Pin=L1-1
Added Pin To Net: NetName=+5V Pin=L1-2
