Removed Pin From Net: NetName=+3V3 Pin=D2-1
Removed Pin From Net: NetName=RADIO_S1 Pin=D2-2
Removed Pin From Net: NetName=+3V3 Pin=D3-1
Removed Pin From Net: NetName=RADIO_S2 Pin=D3-2
Removed Pin From Net: NetName=+3V3 Pin=D4-1
Removed Pin From Net: NetName=RADIO_S4 Pin=D4-2
Removed Pin From Net: NetName=+3V3 Pin=D5-1
Removed Pin From Net: NetName=RADIO_S3 Pin=D5-2
Removed Pin From Net: NetName=RADIO_S2 Pin=R12-1
Removed Pin From Net: NetName=RADIO_S1 Pin=R13-1
Removed Member From Class: ClassName=BRAINS Member=D2
Removed Member From Class: ClassName=BRAINS Member=D3
Removed Member From Class: ClassName=BRAINS Member=D4
Removed Member From Class: ClassName=BRAINS Member=D5
Added Pin To Net: NetName=RADIO_S2 Pin=R12-2
Added Pin To Net: NetName=RADIO_S1 Pin=R13-2
Change Net Name : Old Net Name=RADIO_S3RAW New Net Name=NetR10_2
Change Net Name : Old Net Name=RADIO_S4RAW New Net Name=NetR11_2
Added Pin To Net: NetName=NetR12_1 Pin=R12-1
Added Pin To Net: NetName=NetR12_1 Pin=U3-10
Added Net: Name=NetR12_1
Added Pin To Net: NetName=NetR13_1 Pin=R13-1
Added Pin To Net: NetName=NetR13_1 Pin=U3-9
Added Net: Name=NetR13_1
