Change Component Designator: OldDesignator=C? NewDesignator=C1
Change Component Designator: OldDesignator=C? NewDesignator=C2
Change Component Designator: OldDesignator=C? NewDesignator=C6
Change Component Designator: OldDesignator=C? NewDesignator=C9
Change Component Designator: OldDesignator=C? NewDesignator=C10
Change Component Designator: OldDesignator=C? NewDesignator=C11
Change Component Designator: OldDesignator=C? NewDesignator=C13
Change Component Designator: OldDesignator=C? NewDesignator=C14
Change Component Designator: OldDesignator=C? NewDesignator=C15
Change Component Designator: OldDesignator=C? NewDesignator=C16
Change Component Designator: OldDesignator=D? NewDesignator=D1
Change Component Designator: OldDesignator=D? NewDesignator=D6
Change Component Designator: OldDesignator=D? NewDesignator=D7
Change Component Designator: OldDesignator=F? NewDesignator=F1
Change Component Designator: OldDesignator=F? NewDesignator=F2
Change Component Designator: OldDesignator=F? NewDesignator=F3
Change Component Designator: OldDesignator=J? NewDesignator=J13
Change Component Designator: OldDesignator=J? NewDesignator=J14
Change Component Designator: OldDesignator=L? NewDesignator=L1
Change Component Designator: OldDesignator=L? NewDesignator=L2
Change Component Designator: OldDesignator=R? NewDesignator=R4
Change Component Designator: OldDesignator=R? NewDesignator=R23
Change Net Name : Old Net Name=NetC?_2 New Net Name=NetC6_2
Change Net Name : Old Net Name=NetF?_1 New Net Name=NetF3_1
Change Net Name : Old Net Name=NetL?_1 New Net Name=NetL1_1
Added Pin To Net: NetName=NetF1_2 Pin=F1-2
Added Pin To Net: NetName=NetF1_2 Pin=U3-5
Added Net: Name=NetF1_2
Added Pin To Net: NetName=NetF2_1 Pin=F2-1
Added Pin To Net: NetName=NetF2_1 Pin=J8-1
Added Net: Name=NetF2_1
Added Pin To Net: NetName=NetL2_1 Pin=L2-1
Added Pin To Net: NetName=NetL2_1 Pin=U4-9
Added Pin To Net: NetName=NetL2_1 Pin=U4-36
Added Net: Name=NetL2_1
Added Pin To Net: NetName=NetR4_1 Pin=R4-1
Added Pin To Net: NetName=NetR4_1 Pin=R6-2
Added Net: Name=NetR4_1
Added Member To Class: ClassName=BRAINS Member=Component C1 4.7uF,16V
Added Member To Class: ClassName=BRAINS Member=Component C2 1uF,50V
Added Member To Class: ClassName=BRAINS Member=Component C6 100nF,50V
Added Member To Class: ClassName=BRAINS Member=Component C10 1uF,50V
Added Member To Class: ClassName=BRAINS Member=Component C11 100nF,50V
Added Member To Class: ClassName=BRAINS Member=Component C13 100nF,50V
Added Member To Class: ClassName=BRAINS Member=Component C14 1uF,50V
Added Member To Class: ClassName=BRAINS Member=Component C15 100nF,50V
Added Member To Class: ClassName=BRAINS Member=Component C16 1uF,50V
Added Member To Class: ClassName=BRAINS Member=Component D6 SBR0240LPW
Added Member To Class: ClassName=BRAINS Member=Component D7 SBR0240LPW
Added Member To Class: ClassName=BRAINS Member=Component F1 PRG18BC3R3MM1RB
Added Member To Class: ClassName=BRAINS Member=Component F3 PRG18BC3R3MM1RB
Added Member To Class: ClassName=BRAINS Member=Component J13 MountingPad(2x2)
Added Member To Class: ClassName=BRAINS Member=Component L1 300R
Added Member To Class: ClassName=BRAINS Member=Component R4 270K,1%
