Removed Member From Class: ClassName=BRAINS Member=C7
Change Component Comment : Designator=C5 Old Comment=10uF,50V New Comment=22uF,25V
Change component parameters: Designator = "C5" ("C5"); Footprint = "CAPC3216X140N_1206"; UniqueID = "\XACPROXE" ("\XACPROXE")
Change component parameters (AddParameter): Name = "BWA PN"; Value = "CCK-226DF-G"; VariantName = "[No Variations]"
Change component parameters (AddParameter): Name = "Capacitance"; Value = "22uF"; VariantName = "[No Variations]"
Change component parameters (AddParameter): Name = "Dielectric"; Value = "X5R"; VariantName = "[No Variations]"
Change component parameters (AddParameter): Name = "Display_Name"; Value = "22uF,25V"; VariantName = "[No Variations]"
Change component parameters (AddParameter): Name = "Manufacturer"; Value = "Murata Electronics North America"; VariantName = "[No Variations]"
Change component parameters (AddParameter): Name = "Manufacturer Part Number"; Value = "GRM31CR61E226KE15L"; VariantName = "[No Variations]"
Change component parameters (AddParameter): Name = "Schematic Symbol"; Value = "CAP-NP_1"; VariantName = "[No Variations]"
Change component parameters (AddParameter): Name = "Supplier 1"; Value = "Digi-Key"; VariantName = "[No Variations]"
Change component parameters (AddParameter): Name = "Supplier Part Number 1"; Value = "490-5527-1-ND"; VariantName = "[No Variations]"
Change component parameters (AddParameter): Name = "Tolerance"; Value = "10%"; VariantName = "[No Variations]"
Change component parameters (AddParameter): Name = "Type"; Value = "Ceramic"; VariantName = "[No Variations]"
Change component parameters (AddParameter): Name = "Voltage"; Value = "25V"; VariantName = "[No Variations]"
Added Component: Designator=C17(CAPC1005X05N_0402)
Add component (AddParameter): Name = "BWA PN"; Value = "CCG-104CE-G"; VariantName = "[No Variations]"
Add component (AddParameter): Name = "Capacitance"; Value = "100nF"; VariantName = "[No Variations]"
Add component (AddParameter): Name = "Dielectric"; Value = "X7R"; VariantName = "[No Variations]"
Add component (AddParameter): Name = "Display_Name"; Value = "100nF,50V"; VariantName = "[No Variations]"
Add component (AddParameter): Name = "Manufacturer"; Value = "Taiyo Yuden"; VariantName = "[No Variations]"
Add component (AddParameter): Name = "Manufacturer Part Number"; Value = "UMK105B7104KV-FR"; VariantName = "[No Variations]"
Add component (AddParameter): Name = "Schematic Symbol"; Value = "CAP-NP_1"; VariantName = "[No Variations]"
Add component (AddParameter): Name = "Supplier 1"; Value = "Digi-Key"; VariantName = "[No Variations]"
Add component (AddParameter): Name = "Supplier Part Number 1"; Value = "587-3498-1-ND"; VariantName = "[No Variations]"
Add component (AddParameter): Name = "Tolerance"; Value = "10%"; VariantName = "[No Variations]"
Add component (AddParameter): Name = "Type"; Value = "Ceramic"; VariantName = "[No Variations]"
Add component (AddParameter): Name = "Voltage"; Value = "50V"; VariantName = "[No Variations]"
Added Component: Designator=C18(CAPC1005X05N_0402)
Add component (AddParameter): Name = "BWA PN"; Value = "CCG-104CE-G"; VariantName = "[No Variations]"
Add component (AddParameter): Name = "Capacitance"; Value = "100nF"; VariantName = "[No Variations]"
Add component (AddParameter): Name = "Dielectric"; Value = "X7R"; VariantName = "[No Variations]"
Add component (AddParameter): Name = "Display_Name"; Value = "100nF,50V"; VariantName = "[No Variations]"
Add component (AddParameter): Name = "Manufacturer"; Value = "Taiyo Yuden"; VariantName = "[No Variations]"
Add component (AddParameter): Name = "Manufacturer Part Number"; Value = "UMK105B7104KV-FR"; VariantName = "[No Variations]"
Add component (AddParameter): Name = "Schematic Symbol"; Value = "CAP-NP_1"; VariantName = "[No Variations]"
Add component (AddParameter): Name = "Supplier 1"; Value = "Digi-Key"; VariantName = "[No Variations]"
Add component (AddParameter): Name = "Supplier Part Number 1"; Value = "587-3498-1-ND"; VariantName = "[No Variations]"
Add component (AddParameter): Name = "Tolerance"; Value = "10%"; VariantName = "[No Variations]"
Add component (AddParameter): Name = "Type"; Value = "Ceramic"; VariantName = "[No Variations]"
Add component (AddParameter): Name = "Voltage"; Value = "50V"; VariantName = "[No Variations]"
Added Component: Designator=C22(CAPC3216X140N_1206)
Add component (AddParameter): Name = "BWA PN"; Value = "CCK-226DF-G"; VariantName = "[No Variations]"
Add component (AddParameter): Name = "Capacitance"; Value = "22uF"; VariantName = "[No Variations]"
Add component (AddParameter): Name = "Dielectric"; Value = "X5R"; VariantName = "[No Variations]"
Add component (AddParameter): Name = "Display_Name"; Value = "22uF,25V"; VariantName = "[No Variations]"
Add component (AddParameter): Name = "Manufacturer"; Value = "Murata Electronics North America"; VariantName = "[No Variations]"
Add component (AddParameter): Name = "Manufacturer Part Number"; Value = "GRM31CR61E226KE15L"; VariantName = "[No Variations]"
Add component (AddParameter): Name = "Schematic Symbol"; Value = "CAP-NP_1"; VariantName = "[No Variations]"
Add component (AddParameter): Name = "Supplier 1"; Value = "Digi-Key"; VariantName = "[No Variations]"
Add component (AddParameter): Name = "Supplier Part Number 1"; Value = "490-5527-1-ND"; VariantName = "[No Variations]"
Add component (AddParameter): Name = "Tolerance"; Value = "10%"; VariantName = "[No Variations]"
Add component (AddParameter): Name = "Type"; Value = "Ceramic"; VariantName = "[No Variations]"
Add component (AddParameter): Name = "Voltage"; Value = "25V"; VariantName = "[No Variations]"
Added Component: Designator=C?(CAPC3216X140N_1206)
Add component (AddParameter): Name = "BWA PN"; Value = "CCK-106DH-G-A"; VariantName = "[No Variations]"
Add component (AddParameter): Name = "Capacitance"; Value = "10uF"; VariantName = "[No Variations]"
Add component (AddParameter): Name = "Dielectric"; Value = "X5R"; VariantName = "[No Variations]"
Add component (AddParameter): Name = "Display_Name"; Value = "10uF,50V"; VariantName = "[No Variations]"
Add component (AddParameter): Name = "Manufacturer"; Value = "TDK Corporation"; VariantName = "[No Variations]"
Add component (AddParameter): Name = "Manufacturer Part Number"; Value = "CGA5L3X5R1H106K160AB"; VariantName = "[No Variations]"
Add component (AddParameter): Name = "Schematic Symbol"; Value = "CAP-NP_1"; VariantName = "[No Variations]"
Add component (AddParameter): Name = "Supplier 1"; Value = "Digi-Key"; VariantName = "[No Variations]"
Add component (AddParameter): Name = "Supplier Part Number 1"; Value = "445-7886-1-ND"; VariantName = "[No Variations]"
Add component (AddParameter): Name = "Tolerance"; Value = "10%"; VariantName = "[No Variations]"
Add component (AddParameter): Name = "Type"; Value = "Ceramic"; VariantName = "[No Variations]"
Add component (AddParameter): Name = "Voltage"; Value = "50V"; VariantName = "[No Variations]"
Added Pin To Net: NetName=GND Pin=C5-1
Added Pin To Net: NetName=+5V Pin=C5-2
Added Pin To Net: NetName=GND Pin=C17-1
Added Pin To Net: NetName=+5V Pin=C17-2
Added Pin To Net: NetName=GND Pin=C18-1
Added Pin To Net: NetName=+3V3 Pin=C18-2
Added Pin To Net: NetName=GND Pin=C22-1
Added Pin To Net: NetName=+3V3 Pin=C22-2
Added Member To Class: ClassName=BRAINS Member=Component C17 100nF,50V
Added Member To Class: ClassName=BRAINS Member=Component C18 100nF,50V
Added Member To Class: ClassName=BRAINS Member=Component C22 22uF,25V
Added Member To Class: ClassName=BRAINS Member=Component C? 10uF,50V
