Removed Pin From Net: NetName=VCC Pin=C2-2
Removed Pin From Net: NetName=VCC Pin=C3-2
Removed Pin From Net: NetName=VCC Pin=U2-4
Removed Pin From Net: NetName=VCC Pin=U2-6
Removed Member From Class: ClassName=BRAINS Member=C1
Added Component: Designator=R2(RESC2012X13N_0805)
Add component (AddParameter): Name = "BWA PN"; Value = "RSI-0R000-F"; VariantName = "[No Variations]"
Add component (AddParameter): Name = "Display_Name"; Value = "0R,5%"; VariantName = "[No Variations]"
Add component (AddParameter): Name = "Manufacturer"; Value = "Yageo"; VariantName = "[No Variations]"
Add component (AddParameter): Name = "Manufacturer Part Number"; Value = "RC0805JR-070RL"; VariantName = "[No Variations]"
Add component (AddParameter): Name = "Power"; Value = "0.125W"; VariantName = "[No Variations]"
Add component (AddParameter): Name = "Resistance"; Value = "0R"; VariantName = "[No Variations]"
Add component (AddParameter): Name = "Schematic Symbol"; Value = "RESISTOR_1"; VariantName = "[No Variations]"
Add component (AddParameter): Name = "Supplier 1"; Value = "Digi-Key"; VariantName = "[No Variations]"
Add component (AddParameter): Name = "Supplier Part Number 1"; Value = "311-0.0ARCT-ND"; VariantName = "[No Variations]"
Add component (AddParameter): Name = "Tolerance"; Value = "5%"; VariantName = "[No Variations]"
Add component (AddParameter): Name = "Type"; Value = "Chip"; VariantName = "[No Variations]"
Added Pin To Net: NetName=GND Pin=C7-1
Added Pin To Net: NetName=VCC Pin=R2-1
Added Pin To Net: NetName=NetC2_2 Pin=C2-2
Added Pin To Net: NetName=NetC2_2 Pin=C3-2
Added Pin To Net: NetName=NetC2_2 Pin=C7-2
Added Pin To Net: NetName=NetC2_2 Pin=R2-2
Added Pin To Net: NetName=NetC2_2 Pin=U2-4
Added Pin To Net: NetName=NetC2_2 Pin=U2-6
Added Net: Name=NetC2_2
Added Member To Class: ClassName=BRAINS Member=Component R2 0R,5%
